Amsterdamsche Football Club Ajax Nickname(s) de Godenzonen (Sons of the Gods) de Joden (the Jews) I Lancieri (The Lancers) Lucky Ajax Founded 18 March 1900 &#59 &#32 119 years ago ( 1900-03-18 ) Ground Johan Cruyff Arena Capacity 54,990 &#91 3&#93 Owner AFC Ajax NV ( Euronext : AJAX ) Chairman Hennie Henrichs Head coach Erik ten Hag League Eredivisie 2018–19 Eredivisie, 1st Website Club website
Clube Atlético Mineiro Nickname(s) Galo (Rooster) Alvinegro (White-and-black) Short name CAM Founded 25 March 1908 &#59 &#32 111 years ago ( 1908-03-25 ) (as Athletico Mineiro Foot-Ball Club) &#91 1&#93 Ground Independência (primary) Mineirão (secondary) Capacity 23,018 (Independência) 61,846 &#91 2&#93 (Mineirão) President Sérgio Sette Câmara Head coach Rodrigo Santana League Campeonato Brasileiro Série A (national) Campeonato Mineiro (state) 2018 2018 Brasileiro, 6th Mineiro, 2nd Website Club website
Cruzeiro Esporte Clube Nickname(s) Raposa (Fox) Celeste (Celestial) Cabuloso (Freaky) Founded January 2, 1921 &#59 &#32 98 years ago ( 1921-01-02 ) Ground Mineirão Capacity 64,000 &#91 1&#93 President Wagner Pires de Sá Head coach Rogério Ceni League Campeonato Brasileiro Série A Campeonato Mineiro Copa Libertadores da América 2018 2018 2018 Série A , 8th Copa do Brasil , Champion Campeonato Mineiro 2018 , Champion Website Club website
Futbol Club Barcelona Nickname(s) Barça or Blaugrana (team) Culés or Barcelonistas (supporters) Blaugranes or Azulgranas (supporters) Short name FCB Founded 29 November 1899 &#59 &#32 119 years ago ( 1899-11-29 ) as Foot-Ball Club Barcelona Ground Camp Nou Capacity 99,354 &#91 1&#93 President Josep Maria Bartomeu Head coach Ernesto Valverde League La Liga 2018–19 La Liga, 1st Website Club website
Football Club Internazionale Milano S.p.A. &#91 1&#93 Nickname(s) I Nerazzurri (The Black and Blues) La Beneamata (The Cherished One) Il Biscione (The Big Grass Snake) Founded 9 March 1908 &#59 &#32 111 years ago ( 1908-03-09 ) Ground San Siro Capacity 80,018 Owner Suning Holdings Group (68.55%) &#91 2&#93 &#91 3&#93 LionRock Capital (31.05%) &#91 4&#93 Pirelli (0.37%) &#91 5&#93 Other shareholders (0.03%) &#91 6&#93 Chairman Steven Zhang &#91 7&#93 Head coach Antonio Conte &#91 8&#93 League Serie A 2018–19 Serie A , 4th Website Club website
Real Madrid Club de Fútbol &#91 1&#93 Nickname(s) Los Blancos (The Whites) Los Merengues (The Meringues) Los Vikingos (The Vikings) La Casa Blanca (The White House) Founded 6 March 1902 &#59 &#32 117 years ago ( 1902-03-06 ) as Madrid Football Club &#91 4&#93 Ground Estadio Santiago Bernabéu Capacity 81,044 &#91 5&#93 President Florentino Pérez Head coach Zinedine Zidane League La Liga 2018–19 3rd Website Club website
Caernarfon Town Football Club Clwb Pêl Droed Tref Caernarfon Nickname(s) The Canaries Founded 1937 Ground The Oval , Caernarfon Capacity 3,000 (600 seated) Chairman Marc Roberts Manager Allan Bickerstaff League Welsh Premier League 2018–19 Welsh Premier League , 4th
Fudbalski klub Iskra Danilovgrad Nickname(s) Građani (Citizens) Short name ISK Founded 1919 Ground Braća Velašević Stadium Capacity 2,500 Chairman Aleksandar Pavicevic Manager Aleksandar Nedović League Montenegrin First League 2018–19 Montenegrin First League, 5th
Royal Antwerp Football Club Nickname(s) The Great Old De Ploeg Van ‘t Stad Founded 1880 &#59 &#32 139 years ago ( 1880 ) Ground Broodstraat (1908–1923) Bosuilstadion (1923– ) Antwerp , Belgium Capacity 16,144 &#91 1&#93 Owner Paul Gheysens Chairman Jan Michel Manager László Bölöni League Belgian First Division A 2018-19 Belgian First Division A , 4th place Website Club website
Club de Regatas Vasco da Gama Nickname(s) Gigante da Colina ( Giant of the Hill ) Almirante ( Admiral ) Cruzmaltino ( Maltese Cross ) Trem Bala da Colina ( Bullet Train of the Hill ) Expresso da Vitória ( Victory Express Train ) Founded August 21, 1898 &#59 &#32 120 years ago ( 1898-08-21 ) (Rowing Club) November 5, 1915 &#59 &#32 103 years ago ( 1915-11-05 ) (Football Club) Ground Estádio São Januário Rio de Janeiro , Brazil Capacity 21,880 &#91 1&#93 President Alexandre Campello Head coach Vanderlei Luxemburgo League Campeonato Brasileiro Série A Campeonato Carioca 2018 Série A , 16th Carioca , 2nd Website Club website
Cefn Druids Association Football Club Nickname(s) The Ancients, Druids Founded 1872 &#59 &#32 147 years ago ( 1872 ) Ground The Rock Rhosymedre Wrexham Capacity 3,500 (500 seated) Chairman John Hughes Manager Huw Griffiths League Welsh Premier League 2018–19 10th
Sportklub Rapid Wien Nickname(s) Die Grün-Weißen (The Green-Whites), Hütteldorfer Founded 8 January 1899 &#59 &#32 120 years ago ( 8 January 1899 ) Ground Allianz Stadion Capacity 28,345 Chairman Michael Krammer Manager Dietmar Kühbauer League Austrian Bundesliga 2019–20 Austrian Bundesliga, 7th Website Club website
Fútbol Club Encamp Nickname(s) Encampadans El degà (The Dean) Founded 1950 &#59 &#32 69 years ago ( 1950 ) Ground Camp de Futbol d'Encamp Capacity 550 &#91 1&#93 Chairman Salvador Cervós Manager Leonel Gancedo League Segona Divisió 2018–19 Primera Divisió , 8th Website Club website
Club Deportivo Social y Cultural Alianza Universidad de Huánuco Nickname(s) Azulgranas Founded January 1, 1939 Ground Estadio Heraclio Tapia , Huánuco Capacity 20 000 Chairman José Beraún Barrantes Manager Mifflin Bermúdez League Torneo Descentralizado 2018 Copa Perú , Runner-up (promoted via play-offs)
Rio Ave Futebol Clube Nickname(s) Vilacondenses , "Rioavistas Founded 1939 &#59 &#32 80 years ago ( 1939 ) Ground Estádio do Rio Ave Capacity 12,815 President António Silva Campos Head coach Carlos Carvalhal League Primeira Liga 2018–19 Primeira Liga, 7th Website Club website
Association Sportive de Saint-Étienne Loire Nickname(s) Les Verts (The Greens) Sainté (Saints) Short name ASSE Founded 1919 &#59 &#32 100 years ago ( 1919 ) Ground Stade Geoffroy-Guichard Capacity 41,965 Owner Cesse Foot (44%) Association ASSE (12%) President Bernard Caïazzo (Supervisory Board) Head coach Ghislain Printant League Ligue 1 2018–19 Ligue 1, 4th Website Club website
Grêmio Foot-Ball Porto Alegrense Nickname(s) Imortal Tricolor (Immortal Tricolor) Rei de Copas (King of Cups) Short name GRE, GFBPA Founded 15 September 1903 &#59 &#32 115 years ago ( 1903-09-15 ) Ground Arena do Grêmio Porto Alegre , Brazil Capacity 55,225 &#91 1&#93 President Romildo Bolzan Jr. Manager Renato Portaluppi League Campeonato Brasileiro Série A 2018 Série A , 4th Website Club website
Club de Deportes Provincial Curicó Unido Nickname(s) Curi Albirrojos (The red &amp white) Torteros (The Cake-makers) La Banda Sangre (The Blood Stripe) Founded 1973 Ground Estadio La Granja Capacity 8,278 Chairman Freddy Palma Coach Dalcio Giovagnoli League Primera División 2018 12th
Club Especializado de Alto Rendimiento El Nacional Nickname(s) Puros Criollos (Pure Criollos ) Equipo Militar (Military team) La Maquina Gris (The Gray Machine) El Rojo (The Red) Founded 1 June 1964 &#59 &#32 55 years ago ( 1964-06-01 ) Ground Estadio Olímpico Atahualpa Capacity 35,742 Chairman Tito Manjarrez Manager Marcelo Javier Zuleta League Serie A 2016 3rd Website Club website
Angers Sporting Club de l'Ouest Nickname(s) Les Scoïstes Founded 1919 &#59 &#32 100 years ago ( 1919 ) Ground Stade Raymond Kopa Capacity 17,835 President Saïd Chabane Head coach Stéphane Moulin League Ligue 1 2018–19 Ligue 1, 13th Website Club website
Club Atlético Cerro Nickname(s) Villeros, Albicelestes, Cerrense Founded December 1, 1922 Ground Estadio Luis Tróccoli , Montevideo , Uruguay Capacity 25,000 Chairman Graciela Castro Manager Richard Martínez League Primera División Uruguaya 2018 5th Website Club website
Futboll Klub Kukësi Nickname(s) Verilindorët (Northeasters) Founded 4 March 1930 &#59 &#32 89 years ago ( 1930-03-04 ) as Shoqëria Sportive Kosova Ground Zeqir Ymeri Stadium Capacity 5,500 President Safet Gjici Coach Ernest Gjoka League Albanian Superliga 2018–19 Albanian Superliga , 2nd
Hrvatski nogometni klub Rijeka (Croatian Football Club Rijeka) Nickname(s) Riječki bijeli (Rijeka's Whites) Short name RJK Founded 29 July 1946 &#59 &#32 72 years ago ( 1946-07-29 ) as Sportsko Društvo Kvarner Società Sportiva Quarnero Ground Stadion Rujevica Capacity 8,279 &#91 1&#93 Owner Damir Mišković, via Teanna Limited (70%) City of Rijeka (30%) Chairman Damir Mišković Manager Igor Bišćan League Prva HNL 2018–19 Prva HNL, 2nd of 10 Website Club website
Maccabi Haifa Football Club Nickname(s) The Greens, The green locomotive, The green apes Short name Maccabi Haifa Founded 1913 &#59 &#32 106 years ago ( 1913 ) &#91 1&#93 Ground Sammy Ofer Stadium , Haifa Capacity 30,780 Owner Ya'akov Shahar Chairman Asaf Ben Dov Manager Marco Balbul League Israeli Premier League 2018–19 Israeli Premier League , 2nd Website Club website
Maccabi Haifa Football Club Nickname(s) The Greens, The green locomotive, The green apes Short name Maccabi Haifa Founded 1913 &#59 &#32 106 years ago ( 1913 ) &#91 1&#93 Ground Sammy Ofer Stadium , Haifa Capacity 30,780 Owner Ya'akov Shahar Chairman Asaf Ben Dov Manager Marco Balbul League Israeli Premier League 2018–19 Israeli Premier League , 2nd Website Club website
(R) Futbol Club Barcelona
Maccabi Haifa Football Club Nickname(s) The Greens, The green locomotive, The green apes Short name Maccabi Haifa Founded 1913 &#59 &#32 106 years ago ( 1913 ) &#91 1&#93 Ground Sammy Ofer Stadium , Haifa Capacity 30,780 Owner Ya'akov Shahar Chairman Asaf Ben Dov Manager Marco Balbul League Israeli Premier League 2018–19 Israeli Premier League , 2nd Website Club website
(R) Futboll Klub Kukësi
Maccabi Haifa Football Club Nickname(s) The Greens, The green locomotive, The green apes Short name Maccabi Haifa Founded 1913 &#59 &#32 106 years ago ( 1913 ) &#91 1&#93 Ground Sammy Ofer Stadium , Haifa Capacity 30,780 Owner Ya'akov Shahar Chairman Asaf Ben Dov Manager Marco Balbul League Israeli Premier League 2018–19 Israeli Premier League , 2nd Website Club website
(R) Maccabi Haifa Football Club
Maccabi Haifa Football Club Nickname(s) The Greens, The green locomotive, The green apes Short name Maccabi Haifa Founded 1913 &#59 &#32 106 years ago ( 1913 ) &#91 1&#93 Ground Sammy Ofer Stadium , Haifa Capacity 30,780 Owner Ya'akov Shahar Chairman Asaf Ben Dov Manager Marco Balbul League Israeli Premier League 2018–19 Israeli Premier League , 2nd Website Club website
(R) Caernarfon Town Football Club Clwb Pêl Droed Tref Caernarfon
Sportclub Heerenveen Nickname(s) De Superfriezen (The Super Frisians) Fean Founded 20 July 1920 &#59 &#32 98 years ago ( 1920-07-20 ) Ground Abe Lenstra Stadium Capacity 27,224 Chairman Luuc Eisenga Manager Johnny Jansen League Eredivisie 2018–19 Eredivisie, 11th Website Club website
Anorthosis Famagusta FC Ανόρθωσις Αμμοχώστου Nickname(s) Μεγάλη Κυρία (The Great Lady) Οι Κυανόλευκοι (The Blue White) Short name ANO Founded 30 January 1911 &#59 &#32 108 years ago ( 1911-01-30 ) Ground Antonis Papadopoulos , Larnaca Capacity 10,230 Chairman Christos Poullaides Head coach Temuri Ketsbaia League First Division 2018–19 First Division , 7th Website Club website
Mosta Football Club Nickname(s) Tar-Rotunda Founded 1935 Ground Charles Abela Memorial Stadium , Mosta Capacity 700 Chairman George Galea Manager Mark Miller League Maltese Premier League 2018–19 9th
Villarreal Club de Fútbol S.A.D. Nickname(s) El Submarino Amarillo (The Yellow Submarine) Short name VCF Founded 10 March 1923 &#59 &#32 96 years ago ( 1923-03-10 ) as Club Deportivo Villarreal Ground Estadio de la Cerámica Capacity 23.500 Owner Fernando Roig President Fernando Roig Head coach Javier Calleja League La Liga 2018–19 La Liga, 14th Website Club website
Villarreal Club de Fútbol S.A.D. Nickname(s) El Submarino Amarillo (The Yellow Submarine) Short name VCF Founded 10 March 1923 &#59 &#32 96 years ago ( 1923-03-10 ) as Club Deportivo Villarreal Ground Estadio de la Cerámica Capacity 23.500 Owner Fernando Roig President Fernando Roig Head coach Javier Calleja League La Liga 2018–19 La Liga, 14th Website Club website
(R) Hrvatski nogometni klub Rijeka (Croatian Football Club Rijeka)
Club Atlético Central Córdoba Nickname(s) Ferroviarios Founded 3 June 1919 &#59 &#32 100 years ago ( 1919-06-03 ) Ground Alfredo Terrera Santiago del Estero , Argentina Capacity 15,000 Chairman Francisco Pesce Manager Gustavo Coleoni League Argentine Primera División 2018–19 Primera B Nacional , 6th (promoted via the play-offs) Website Club website
Clube Desportivo de Tondela Nickname(s) CDT Auriverdes (Gold and Greens) Short name Tondela Founded 6 June 1933 &#59 &#32 86 years ago ( 1933-06-06 ) Ground Estádio João Cardoso Tondela , Portugal Capacity 5,000 Chairman David Belenguer Manager Natxo González League Primeira Liga 2018–19 Primeira Liga, 15th Website Club website
O'Higgins Fútbol Club Nickname(s) El Capo de Provincia (The Province's Boss) O'Hi O'Hi La Celeste (The Sky Blue) Short name OHI Founded 7 April 1955 &#59 &#32 64 years ago ( 1955-04-07 ) as Club Deportivo O'Higgins Ground Estadio El Teniente , Rancagua , Chile Capacity 14,087 Owner SN Holding S.A. (96%) Others (4%) Chairman Ricardo Abumohor Manager Marco Antonio Figueroa League Campeonato Nacional 2018 Campeonato Nacional , 8th of 16 Website Club website
Sligo Rovers Football Club Nickname(s) The Bit o' Red Founded 1928 Ground The Showgrounds (Sligo) Capacity 8,000 (5,000 seated) Owner Supporter Owned Chairman Martin Heraghty Manager Liam Buckley League League of Ireland Premier Division 2019 6th Website Club website
Sociedad Deportiva Aucas Nickname(s) Orientales , El idolo del pueblo (The idol of the people) Founded February 6, 1945 Ground Estadio Gonzalo Pozo Ripalda Quito , Ecuador Capacity 22,000 Chairman Danny Walker Manager Gabriel Schürrer League Serie A 2017 2nd (promoted)
Koninklijke Racing Club Genk Nickname(s) Blauw-Wit (Blue-White), Racing , KRC , De Smurfen (The Smurfs) Founded 1988 Ground Luminus Arena , Genk Capacity 23,718 &#91 1&#93 21,500 (UEFA matches) &#91 2&#93 Chairman Peter Croonen Manager Felice Mazzu League Belgian First Division A 2018–19 Belgian First Division A, 1st Website Club website
West Ham United Football Club Nickname(s) The Irons The Hammers The Academy of Football Short name West Ham Founded 29 June 1895 &#59 &#32 124 years ago ( 1895-06-29 ) as Thames Ironworks 5 July 1900 &#59 &#32 119 years ago ( 1900-07-05 ) as West Ham United Ground London Stadium Capacity 60,000 &#91 1&#93 Owner(s) David Sullivan (51.1%) David Gold (35.1%) Albert 'Tripp' Smith (10%) &#91 2&#93 Other investors (3.8%) &#91 3&#93 Co-chairmen David Sullivan and David Gold Manager Manuel Pellegrini League Premier League 2018–19 Premier League , 10th of 20 Website Club website
Football Club Alashkert Nickname(s) The Yellows Founded 1990 Ground Alashkert Stadium Capacity 6,850 Owner Bagrat Navoyan President Bagrat Navoyan Manager Abraham Khashmanyan League Armenian Premier League 2018–19 4th Website Club website
Football Club Alashkert Nickname(s) The Yellows Founded 1990 Ground Alashkert Stadium Capacity 6,850 Owner Bagrat Navoyan President Bagrat Navoyan Manager Abraham Khashmanyan League Armenian Premier League 2018–19 4th Website Club website
(R) Rio Ave Futebol Clube
Football Club Alashkert Nickname(s) The Yellows Founded 1990 Ground Alashkert Stadium Capacity 6,850 Owner Bagrat Navoyan President Bagrat Navoyan Manager Abraham Khashmanyan League Armenian Premier League 2018–19 4th Website Club website
(R) Club Deportivo Social y Cultural Alianza Universidad de Huánuco
Football Club Alashkert Nickname(s) The Yellows Founded 1990 Ground Alashkert Stadium Capacity 6,850 Owner Bagrat Navoyan President Bagrat Navoyan Manager Abraham Khashmanyan League Armenian Premier League 2018–19 4th Website Club website
(R) Amsterdamsche Football Club Ajax
Football Club Alashkert Nickname(s) The Yellows Founded 1990 Ground Alashkert Stadium Capacity 6,850 Owner Bagrat Navoyan President Bagrat Navoyan Manager Abraham Khashmanyan League Armenian Premier League 2018–19 4th Website Club website
(R) Cruzeiro Esporte Clube
Football Club Alashkert Nickname(s) The Yellows Founded 1990 Ground Alashkert Stadium Capacity 6,850 Owner Bagrat Navoyan President Bagrat Navoyan Manager Abraham Khashmanyan League Armenian Premier League 2018–19 4th Website Club website
(R) Real Madrid Club de Fútbol
[0] O'Higgins Fútbol Club ## El Capo de Provincia (The Province's Boss) O'Hi O'Hi La Celeste (The Sky Blue) ## 07/04/1955 ## Estadio El Teniente, Rancagua, Chile ## 14087 ## Marco Antonio Figueroa ## Campeonato Nacional ## /tmp/times/OHiggins_F.C..html ## 527213 ## 
[1] Clube Desportivo de Tondela ## CDT Auriverdes (Gold and Greens) ## 06/06/1933 ## Estádio João Cardoso Tondela, Portugal ## 5000 ## Natxo González ## Primeira Liga ## /tmp/times/C.D._Tondela.html ## 183303 ## 
[2] Club Atlético Central Córdoba ## Ferroviarios ## 03/06/1919 ## Alfredo Terrera Santiago del Estero, Argentina ## 15000 ## Gustavo Coleoni ## Argentine Primera División ## /tmp/times/Central_Cordoba_de_Santiago_del_Estero.html ## 107938 ## 
[3] Villarreal Club de Fútbol S.A.D. ## El Submarino Amarillo (The Yellow Submarine) ## 10/03/1923 ## Estadio de la Cerámica ## 23500 ## Javier Calleja ## La Liga ## /tmp/times/Villarreal_CF.html ## 279892 ## 
[4] Mosta Football Club ## Tar-Rotunda ## 00/00/1935 ## Charles Abela Memorial Stadium, Mosta ## 700 ## Mark Miller ## Maltese Premier League ## /tmp/times/Mosta_F.C..html ## 95681 ## 
[5] Club Atlético Cerro ## Villeros, Albicelestes, Cerrense ## 01/12/1922 ## Estadio Luis Tróccoli, Montevideo, Uruguay ## 25000 ## Richard Martínez ## Primera División Uruguaya ## /tmp/times/C.A._Cerro.html ## 97714 ## 
[6] Angers Sporting Club de l'Ouest ## Les Scoïstes ## 00/00/1919 ## Stade Raymond Kopa ## 17835 ## Stéphane Moulin ## Ligue 1 ## /tmp/times/Angers_SCO.html ## 141084 ## 
[7] Club de Deportes Provincial Curicó Unido ## Curi Albirrojos (The red  white) Torteros (The Cake-makers) La Banda Sangre (The Blood Stripe) ## 00/00/1973 ## Estadio La Granja ## 8278 ## Dalcio Giovagnoli ## Primera División ## /tmp/times/Curico_Unido.html ## 177087 ## 
[8] Grêmio Foot-Ball Porto Alegrense ## Imortal Tricolor (Immortal Tricolor) Rei de Copas (King of Cups) ## 15/09/1903 ## Arena do Grêmio Porto Alegre, Brazil ## 55225 ## Renato Portaluppi ## Campeonato Brasileiro Série A ## /tmp/times/Gremio_Foot-Ball_Porto_Alegrense.html ## 479852 ## 
[9] Association Sportive de Saint-Étienne Loire ## Les Verts (The Greens) Sainté (Saints) ## 00/00/1919 ## Stade Geoffroy-Guichard ## 41965 ## Ghislain Printant ## Ligue 1 ## /tmp/times/AS_Saint-Etienne.html ## 197914 ## 
[10] Sportklub Rapid Wien ## Die Grün-Weißen (The Green-Whites), Hütteldorfer ## 08/01/1899 ## Allianz Stadion ## 28345 ## Dietmar Kühbauer ## Austrian Bundesliga ## /tmp/times/SK_Rapid_Wien.html ## 188540 ## 
[11] Clube Atlético Mineiro ## Galo (Rooster) Alvinegro (White-and-black) ## 25/03/1908 ## Independência (primary) Mineirão (secondary) ## 23018 ## Rodrigo Santana ## Campeonato Brasileiro Série A (national) Campeonato Mineiro (state) ## /tmp/times/Clube_Atletico_Mineiro.html ## 635214 ## 
[12] Football Club Internazionale Milano S.p.A. ## I Nerazzurri (The Black and Blues) La Beneamata (The Cherished One) Il Biscione (The Big Grass Snake) ## 09/03/1908 ## San Siro ## 80018 ## Antonio Conte ## Serie A ## /tmp/times/Inter_Milan.html ## 650574 ## 
[13] Sportclub Heerenveen ## De Superfriezen (The Super Frisians) Fean ## 20/07/1920 ## Abe Lenstra Stadium ## 27224 ## Johnny Jansen ## Eredivisie ## /tmp/times/SC_Heerenveen.html ## 313578 ## 
[14] Anorthosis Famagusta FC Ανόρθωσις Αμμοχώστου ## Μεγάλη Κυρία (The Great Lady) Οι Κυανόλευκοι (The Blue White) ## 30/01/1911 ## Antonis Papadopoulos, Larnaca ## 10230 ## Temuri Ketsbaia ## First Division ## /tmp/times/Anorthosis_Famagusta_FC.html ## 242154 ## 
[15] Sociedad Deportiva Aucas ## Orientales, El idolo del pueblo (The idol of the people) ## 06/02/1945 ## Estadio Gonzalo Pozo Ripalda Quito, Ecuador ## 22000 ## Gabriel Schürrer ## Serie A ## /tmp/times/S.D._Aucas.html ## 79764 ## 
[16] Koninklijke Racing Club Genk ## Blauw-Wit (Blue-White), Racing, KRC, De Smurfen (The Smurfs) ## 00/00/1988 ## Luminus Arena, Genk ## 23718 ## Felice Mazzu ## Belgian First Division A ## /tmp/times/K.R.C._Genk.html ## 216173 ## 
[17] West Ham United Football Club ## The Irons The Hammers The Academy of Football ## 29/06/1895 ## London Stadium ## 60000 ## Manuel Pellegrini ## Premier League ## /tmp/times/West_Ham_United_F.C..html ## 831728 ## 
[18] Football Club Alashkert ## The Yellows ## 00/00/1990 ## Alashkert Stadium ## 6850 ## Abraham Khashmanyan ## Armenian Premier League ## /tmp/times/FC_Alashkert.html ## 194433 ## 
[19] Sligo Rovers Football Club ## The Bit o' Red ## 00/00/1928 ## The Showgrounds (Sligo) ## 8000 ## Liam Buckley ## League ## /tmp/times/Sligo_Rovers_F.C..html ## 269186 ## 
[20] Fudbalski klub Iskra Danilovgrad ## Građani (Citizens) ## 00/00/1919 ## Braća Velašević Stadium ## 2500 ## Aleksandar Nedović ## Montenegrin First League ## /tmp/times/FK_Iskra_Danilovgrad.html ## 94147 ## 
[21] Royal Antwerp Football Club ## The Great Old De Ploeg Van ‘t Stad ## 00/00/1880 ## Broodstraat (1908–1923) Bosuilstadion (1923– ) Antwerp, Belgium ## 16144 ## László Bölöni ## Belgian First Division A ## /tmp/times/Royal_Antwerp_F.C..html ## 139954 ## 
[22] Club de Regatas Vasco da Gama ## Gigante da Colina (Giant of the Hill) Almirante (Admiral) Cruzmaltino (Maltese Cross) Trem Bala da Colina (Bullet Train of the Hill) Expresso da Vitória (Victory Express Train) ## 21/08/1898 ## Estádio São Januário Rio de Janeiro, Brazil ## 21880 ## Vanderlei Luxemburgo ## Campeonato Brasileiro Série A Campeonato Carioca ## /tmp/times/CR_Vasco_da_Gama.html ## 438328 ## 
[23] Cefn Druids Association Football Club ## The Ancients, Druids ## 00/00/1872 ## The Rock Rhosymedre Wrexham ## 3500 ## Huw Griffiths ## Welsh Premier League ## /tmp/times/Cefn_Druids_A.F.C..html ## 118595 ## 
[24] Fútbol Club Encamp ## Encampadans El degà (The Dean) ## 00/00/1950 ## Camp de Futbol d'Encamp ## 550 ## Leonel Gancedo ## Segona Divisió ## /tmp/times/FC_Encamp.html ## 93238 ## 
[25] Club Especializado de Alto Rendimiento El Nacional ## Puros Criollos (Pure Criollos) Equipo Militar (Military team) La Maquina Gris (The Gray Machine) El Rojo (The Red) ## 01/06/1964 ## Estadio Olímpico Atahualpa ## 35742 ## Marcelo Javier Zuleta ## Serie A ## /tmp/times/C.D._El_Nacional.html ## 102479 ## 
