1900
1904
1909
1907
1907
1906
1912
1914
1907
1907
1901
1901
1903
1907
1919
1923
1930
1937
1939
1936
1933
1935
1942
1932
(R) Angers Sporting Club de l'Ouest
(R) Club Atlético Cerro
(R) Futboll Klub Kukësi
(R) Hrvatski nogometni klub Rijeka (Croatian Football Club Rijeka)
1925
1923
1925
1924
(R) Maccabi Haifa Football Club
1920
1923
1929
1932
1933
1944
1940
1950
(R) Sligo Rovers Football Club
(R) Sociedad Deportiva Aucas
(R) Koninklijke Racing Club Genk
(R) West Ham United Football Club
(R) Football Club Alashkert
