(R) Maccabi Haifa Football Club
(R) Hrvatski nogometni klub Rijeka (Croatian Football Club Rijeka)
(R) Futboll Klub Kukësi
(R) Club Atlético Cerro
(R) Villarreal Club de Fútbol S.A.D.
(R) Football Club Alashkert
(R) West Ham United Football Club
(R) Koninklijke Racing Club Genk
(R) Sociedad Deportiva Aucas
(R) Sligo Rovers Football Club
[0]Amsterdamsche Football Club Ajax ## Amsterdamsche Football Club Ajax ## 18/03/1900 ## Johan Cruyff Arena ## 54990 ## Erik ten Hag ## Eredivisie ## /tmp/times/AFC_Ajax.html ## 894137 ## 
[1]Clube Atlético Mineiro ## CAM ## 25/03/1908 ## Independência (primary) Mineirão (secondary) ## 23018 ## Rodrigo Santana ## Campeonato Brasileiro Série A (national) Campeonato Mineiro (state) ## /tmp/times/Clube_Atletico_Mineiro.html ## 635214 ## 
[2]Cruzeiro Esporte Clube ## Cruzeiro Esporte Clube ## 02/01/1921 ## Mineirão ## 64000 ## Rogério Ceni ## Campeonato Brasileiro Série A Campeonato Mineiro Copa Libertadores da América ## /tmp/times/Cruzeiro_Esporte_Clube.html ## 431353 ## 
[3]Futbol Club Barcelona ## FCB ## 29/11/1899 ## Camp Nou ## 99354 ## Ernesto Valverde ## La Liga ## /tmp/times/FC_Barcelona.html ## 780859 ## 
[4]Football Club Internazionale Milano S.p.A. ## Football Club Internazionale Milano S.p.A. ## 09/03/1908 ## San Siro ## 80018 ## Antonio Conte ## Serie A ## /tmp/times/Inter_Milan.html ## 650574 ## 
[5]Real Madrid Club de Fútbol ## Real Madrid Club de Fútbol ## 06/03/1902 ## Estadio Santiago Bernabéu ## 81044 ## Zinedine Zidane ## La Liga ## /tmp/times/Real_Madrid_CF.html ## 875213 ## 
[6]Caernarfon Town Football Club Clwb Pêl Droed Tref Caernarfon ## Caernarfon Town Football Club Clwb Pêl Droed Tref Caernarfon ## 00/00/1937 ## The Oval, Caernarfon ## 3000 ## Allan Bickerstaff ## Welsh Premier League ## /tmp/times/Caernarfon_Town_F.C.html ## 94083 ## 
[7]Fudbalski klub Iskra Danilovgrad ## ISK ## 00/00/1919 ## Braća Velašević Stadium ## 2500 ## Aleksandar Nedović ## Montenegrin First League ## /tmp/times/FK_Iskra_Danilovgrad.html ## 94147 ## 
[8]Royal Antwerp Football Club ## Royal Antwerp Football Club ## 00/00/1880 ## Broodstraat (1908–1923) Bosuilstadion (1923– ) Antwerp, Belgium ## 16144 ## László Bölöni ## Belgian First Division A ## /tmp/times/Royal_Antwerp_F.C..html ## 139954 ## 
[9]Club de Regatas Vasco da Gama ## Club de Regatas Vasco da Gama ## 21/08/1898 ## Estádio São Januário Rio de Janeiro, Brazil ## 21880 ## Vanderlei Luxemburgo ## Campeonato Brasileiro Série A Campeonato Carioca ## /tmp/times/CR_Vasco_da_Gama.html ## 438328 ## 
[10]Cefn Druids Association Football Club ## Cefn Druids Association Football Club ## 00/00/1872 ## The Rock Rhosymedre Wrexham ## 3500 ## Huw Griffiths ## Welsh Premier League ## /tmp/times/Cefn_Druids_A.F.C..html ## 118595 ## 
[11]Sportklub Rapid Wien ## Sportklub Rapid Wien ## 08/01/1899 ## Allianz Stadion ## 28345 ## Dietmar Kühbauer ## Austrian Bundesliga ## /tmp/times/SK_Rapid_Wien.html ## 188540 ## 
[12]Fútbol Club Encamp ## Fútbol Club Encamp ## 00/00/1950 ## Camp de Futbol d'Encamp ## 550 ## Leonel Gancedo ## Segona Divisió ## /tmp/times/FC_Encamp.html ## 93238 ## 
[13]Club Deportivo Social y Cultural Alianza Universidad de Huánuco ## Club Deportivo Social y Cultural Alianza Universidad de Huánuco ## 01/01/1939 ## Estadio Heraclio Tapia, Huánuco ## 20000 ## Mifflin Bermúdez ## Torneo Descentralizado ## /tmp/times/Alianza_Universidad.html ## 105075 ## 
[14]Rio Ave Futebol Clube ## Rio Ave Futebol Clube ## 00/00/1939 ## Estádio do Rio Ave ## 12815 ## Carlos Carvalhal ## Primeira Liga ## /tmp/times/Rio_Ave_F.C..html ## 168904 ## 
[15]Association Sportive de Saint-Étienne Loire ## ASSE ## 00/00/1919 ## Stade Geoffroy-Guichard ## 41965 ## Ghislain Printant ## Ligue 1 ## /tmp/times/AS_Saint-Etienne.html ## 197914 ## 
[16]Grêmio Foot-Ball Porto Alegrense ## GRE, GFBPA ## 15/09/1903 ## Arena do Grêmio Porto Alegre, Brazil ## 55225 ## Renato Portaluppi ## Campeonato Brasileiro Série A ## /tmp/times/Gremio_Foot-Ball_Porto_Alegrense.html ## 479852 ## 
[17]Club de Deportes Provincial Curicó Unido ## Club de Deportes Provincial Curicó Unido ## 00/00/1973 ## Estadio La Granja ## 8278 ## Dalcio Giovagnoli ## Primera División ## /tmp/times/Curico_Unido.html ## 177087 ## 
[18]Club Especializado de Alto Rendimiento El Nacional ## Club Especializado de Alto Rendimiento El Nacional ## 01/06/1964 ## Estadio Olímpico Atahualpa ## 35742 ## Marcelo Javier Zuleta ## Serie A ## /tmp/times/C.D._El_Nacional.html ## 102479 ## 
[19]Angers Sporting Club de l'Ouest ## Angers Sporting Club de l'Ouest ## 00/00/1919 ## Stade Raymond Kopa ## 17835 ## Stéphane Moulin ## Ligue 1 ## /tmp/times/Angers_SCO.html ## 141084 ## 
[20]Sportclub Heerenveen ## Sportclub Heerenveen ## 20/07/1920 ## Abe Lenstra Stadium ## 27224 ## Johnny Jansen ## Eredivisie ## /tmp/times/SC_Heerenveen.html ## 313578 ## 
[21]Anorthosis Famagusta FC Ανόρθωσις Αμμοχώστου ## ANO ## 30/01/1911 ## Antonis Papadopoulos, Larnaca ## 10230 ## Temuri Ketsbaia ## First Division ## /tmp/times/Anorthosis_Famagusta_FC.html ## 242154 ## 
[22]Mosta Football Club ## Mosta Football Club ## 00/00/1935 ## Charles Abela Memorial Stadium, Mosta ## 700 ## Mark Miller ## Maltese Premier League ## /tmp/times/Mosta_F.C..html ## 95681 ## 
[23]Club Atlético Central Córdoba ## Club Atlético Central Córdoba ## 03/06/1919 ## Alfredo Terrera Santiago del Estero, Argentina ## 15000 ## Gustavo Coleoni ## Argentine Primera División ## /tmp/times/Central_Cordoba_de_Santiago_del_Estero.html ## 107938 ## 
[24]Clube Desportivo de Tondela ## Tondela ## 06/06/1933 ## Estádio João Cardoso Tondela, Portugal ## 5000 ## Natxo González ## Primeira Liga ## /tmp/times/C.D._Tondela.html ## 183303 ## 
[25]O'Higgins Fútbol Club ## OHI ## 07/04/1955 ## Estadio El Teniente, Rancagua, Chile ## 14087 ## Marco Antonio Figueroa ## Campeonato Nacional ## /tmp/times/OHiggins_F.C..html ## 527213 ## 
