raiz esq dir dir dir dir dir NÃO
raiz esq dir dir dir dir dir dir dir dir dir dir dir dir NÃO
raiz esq dir dir dir dir dir dir dir dir dir dir dir dir dir NÃO
raiz esq dir dir dir dir dir dir dir dir dir dir dir dir dir dir dir dir dir dir NÃO
raiz esq dir dir dir dir dir dir dir dir dir dir dir dir dir dir dir NÃO
raiz esq dir NÃO
raiz esq dir dir dir dir dir dir dir dir dir dir dir dir dir dir dir dir dir dir dir dir NÃO
raiz esq dir dir dir dir dir dir dir dir dir dir dir dir dir dir dir dir dir dir dir dir dir dir dir dir NÃO
raiz dir dir dir dir dir dir dir dir dir SIM
raiz esq dir dir dir dir dir dir dir dir dir dir dir dir dir dir dir dir dir dir dir dir dir dir dir dir dir dir NÃO
raiz esq dir dir dir dir dir dir dir dir dir dir dir dir dir dir dir dir dir dir NÃO
raiz esq dir dir dir dir dir dir dir dir dir dir dir dir dir dir dir dir dir dir NÃO
raiz dir dir dir dir dir SIM
raiz dir dir dir SIM
raiz esq dir dir dir dir dir dir dir dir NÃO
raiz esq dir dir dir dir dir NÃO
raiz dir dir dir dir dir dir dir dir dir dir dir dir dir dir dir dir dir dir dir dir dir dir dir SIM
raiz esq dir dir dir dir dir dir dir dir dir dir dir dir dir dir dir dir dir dir NÃO
raiz esq dir dir dir dir dir dir dir dir dir dir dir dir dir dir dir dir dir dir dir dir dir dir dir dir dir dir dir NÃO
raiz dir dir dir dir dir dir SIM
raiz esq dir dir dir dir dir dir dir dir dir dir dir dir dir dir dir dir dir dir dir dir dir dir dir dir dir dir NÃO
raiz esq dir dir dir dir dir dir dir dir dir dir dir dir NÃO
raiz esq dir dir dir NÃO
raiz esq dir dir dir dir dir dir dir dir dir dir dir dir dir dir dir dir dir dir dir dir dir dir dir dir NÃO
raiz esq dir NÃO
raiz esq dir dir dir dir dir dir dir dir dir dir dir dir NÃO
raiz dir dir dir dir dir dir dir dir dir dir dir dir dir dir dir dir dir dir dir dir dir SIM
raiz esq dir dir dir dir dir dir dir dir dir NÃO
raiz esq dir dir dir dir dir dir dir dir dir dir dir dir dir dir dir dir dir dir dir dir dir dir dir dir dir NÃO
raiz dir dir dir dir dir dir dir dir dir dir dir dir dir dir dir dir dir dir dir dir dir dir dir dir dir dir dir dir SIM
raiz dir SIM
