Union Titus PÈtange ## UTP ## 00/00/2015 ## Stade Municipal, P√©tange ## 2400 ## Ren√© Roller ## Luxembourg National Division ## /tmp/times/Union_Titus_Petange.html ## 68540 ## 
Fudbalski klub Makedonija Gjor?e Petrov, Skopje ## ?????? (Lions) ## 00/00/1932 ## Gjorƒçe Petrov Stadium ## 3000 ## Aleksandar Tanevski ## Macedonian First League ## /tmp/times/FK_Makedonija_Gjorce_Petrov.html ## 122145 ## 
Fudbalski klub Mladost Doboj Kakanj ## Crvena legija (The Red Legion) Bosanski Hoffenheim (The Bosnian Hoffenheim) ## 25/05/1959 ## Stadion Mladost, Doboj ## 3000 ## Elvedin Beganoviƒá ## Premier League BH ## /tmp/times/FK_Mladost_Doboj_Kakanj.html ## 84998 ## 
Futbola Klubs Ventspils ## Champions, Yellow ñ Blue ## 00/00/1997 ## Ventspils Olimpiskais Stadions ## 3200 ## Igors Kƒºosovs ## Virsliga ## /tmp/times/FK_Ventspils.html ## 210949 ## 
Cefn Druids Association Football Club ## The Ancients, Druids ## 00/00/1872 ## The Rock Rhosymedre Wrexham ## 3500 ## Huw Griffiths ## Welsh Premier League ## /tmp/times/Cefn_Druids_A.F.C..html ## 118595 ## 
BÛltfelagi 1936 ## B36 White Tigers HvÌtir ## 28/03/1936 ## Gundadalur Stadium, T√≥rshavn, Faroe Islands ## 4000 ## J√°kup √° Borg ## Betri deildin ## /tmp/times/B36_Torshavn.html ## 159536 ## 
Õ˛rÛttafÈlagi Fylkir ## Fylkismenn ## 28/05/1967 ## Floridana v√∂llurinn, Reykjav√≠k, Iceland ## 5000 ## Helgi Sigur√∞sson ## √örvalsdeild karla ## /tmp/times/Fylkir.html ## 117973 ## 
Fudbalski klub Rudar Pljevlja ## Rudari (The Miners) ## 00/00/1920 ## Stadion Gradski, Pljevlja, Montenegro ## 5140 ## Nenad Vukƒçeviƒá ## Montenegrin First League ## /tmp/times/FK_Rudar_Pljevlja.html ## 132828 ## 
St Patrick's Athletic Football Club ## Pats, St Pats, The Saints ## 00/00/1929 ## Richmond Park, Inchicore, Dublin 8 ## 5340 ## Harry Kenny ## League ## /tmp/times/St_Patricks_Athletic_F.C..html ## 468457 ## 
Club AtlÈtico River Plate ## Darseneros (Dockers) ## 11/05/1932 ## Estadio Saroldi, Montevideo, Uruguay ## 6000 ## Jorge Fossati ## Primera Divisi√≥n ## /tmp/times/Club_Atletico_River_Plate_Uruguay.html ## 166389 ## 
Budapest HonvÈd Football Club ## Kispest ## 03/08/1909 ## Bozsik J√≥zsef Stadion, Budapest ## 8000 ## Giuseppe Sannino ## NB I ## /tmp/times/Budapest_Honved_FC.html ## 220499 ## 
?????? ???????? ????????? ”milos Fil·thlon HeraklÌou (Heraklion Fans' Club) ## O ”milos (The Club) ## 00/00/1925 ## Theodoros Vardinogiannis Stadium ## 9088 ## Georgios Simos ## Super League ## /tmp/times/OFI_Crete_F.C..html ## 304453 ## 
Football Club Midtjylland ## Ulvene (The Wolves) ## 02/02/1999 ## MCH Arena, Herning ## 11800 ## Kenneth Andersen ## Danish Superliga ## /tmp/times/FC_Midtjylland.html ## 148056 ## 
Audax Club Sportivo Italiano, SADP ## Los Tanos, Los It·licos, Audinos ## 30/11/1910 ## Estadio Bicentenario de La Florida La Florida, Chile ## 12000 ## Juan Jos√© Ribera ## Campeonato Nacional ## /tmp/times/Audax_Italiano.html ## 131188 ## 
Football Club Zorya Luhansk ## Muzhyky (The Men) ## 00/00/1923 ## Slavutych Arena, Zaporizhia ( Avanhard Stadium, Luhansk ) ## 12000 ## Viktor Skrypnyk ## Ukrainian Premier League ## /tmp/times/FC_Zorya_Luhansk.html ## 317457 ## 
Gˆztepe Spor Kul¸b¸ ## Gˆz Gˆz ## 14/06/1925 ## Doƒüanlar Stadium ## 12500 ## Tamer Tuna ## S√ºper Lig ## /tmp/times/Goztepe_S.K..html ## 238672 ## 
Football Club Lahti &#91 2&#93 ## Mustat kuhnurit (The Black Drones) ## 00/00/1996 ## Lahden Stadion, Lahti ## 14500 ## Toni Huuhka Sami Ristil√§ ## Veikkausliiga ## /tmp/times/FC_Lahti.html ## 130148 ## 
Royal Charleroi Sporting Club ## Les ZËbres (The Zebras), Les Carolos ## 01/01/1904 ## Stade du Pays de Charleroi, Charleroi ## 15000 ## Vacant ## Belgian First Division A ## /tmp/times/R._Charleroi_S.C..html ## 159621 ## 
Fotbal Club Dinamo Bucure?ti ## C‚inii ro?ii (The Red Dogs) Alb-ro?ii (The White and Reds) Spartanii (The Spartans) ## 14/05/1948 ## Dinamo Stadium ## 15032 ## Florin Prunea Coach Eugen Neagoe ## Liga I ## /tmp/times/FC_Dinamo_Bucuresti.html ## 356402 ## 
Odense Boldklub ## De Stribede (The Striped) ## 12/07/1887 ## Nature Energy Park, Odense ## 15790 ## Jakob Michelsen ## Danish Superliga ## /tmp/times/Odense_Boldklub.html ## 181978 ## 
Aragua F˙tbol Club ## Aurirrojos (Yellow and Red) Chocolateros (Chocolatiers) ## 20/08/2002 ## Estadio Ol√≠mpico Hermanos Ghersi P√°ez Maracay, Venezuela ## 16000 ## H√©ctor Estrada ## Primera Divisi√≥n Venezolana ## /tmp/times/Aragua_F.C..html ## 78704 ## 
Empoli Football Club S.p.A. ## Gli Azzurri (The Blues) ## 00/00/1920 ## Stadio Carlo Castellani ## 16284 ## Cristian Bucchi ## Serie B ## /tmp/times/Empoli_F.C..html ## 203764 ## 
Sportklub Puntigamer Sturm Graz ## Die Schwoazn, The Blackies ## 01/05/1909 ## Merkur Arena ## 16364 ## Nestor El Maestro ## Austrian Bundesliga ## /tmp/times/SK_Sturm_Graz.html ## 231342 ## 
Club Deportivo Cuenca ## Morlacos (Fighting Bulls) Colorados (The Colored) El Expreso Austral (The Southern Express) ## 04/03/1971 ## Estadio Alejandro Serrano Aguilar ## 16540 ## Tabare Silva ## Serie A ## /tmp/times/C.D._Cuenca.html ## 108732 ## 
Sport Boys Association ## Los Rosados, Los PorteÒos, La Misilera, Los OlÌmpico de BerlÌn, La Academia PorteÒa, La Rosada, La Nube Rosada ## 28/07/1927 ## Estadio Miguel Grau, Callao ## 17000 ## Manuel Fern√°ndez ## Torneo Descentralizado ## /tmp/times/Sport_Boys.html ## 207140 ## 
Mushuc Runa Sporting Club ## El equipo cooperativista, El Mushuc, El Ponchito ## 02/01/2003 ## Bellavista Ambato, Ecuador ## 18000 ## Mart√≠n Cardetti ## Serie A ## /tmp/times/Mushuc_Runa_S.C..html ## 84513 ## 
Fudbalski klub Radni?ki ## Real sa Niöave (Real from the Niöava) Real iz Niöa (Real from Niö) ## 24/04/1923 ## ƒåair Stadium, Ni≈° ## 18151 ## Simo Kruniƒá ## Serbian SuperLiga ## /tmp/times/FK_Radnicki_Nis.html ## 346166 ## 
Deportivo AlavÈs, S.A.D. ## Babazorros El Glorioso (The glorious one) ## 23/01/1921 ## Mendizorrotza ## 19840 ## Asier Garitano ## La Liga ## /tmp/times/Deportivo_Alaves.html ## 245495 ## 
Club Deportivo Social y Cultural Alianza Universidad de Hu·nuco ## Azulgranas ## 01/01/1939 ## Estadio Heraclio Tapia, Hu√°nuco ## 20000 ## Mifflin Berm√∫dez ## Torneo Descentralizado ## /tmp/times/Alianza_Universidad.html ## 105075 ## 
SportovnÌ klub Slavia Praha ñ fotbal a.s. ## ?ervenobÌlÌ (The red and whites) SeöÌvanÌ (The stitched) V??n· Slavia (The Eternal Slavia) ## 02/11/1892 ## Sinobo Stadium, Vr≈°ovice, Prague 10, Prague ## 20232 ## Jind≈ôich Trpi≈°ovsk√Ω ## Czech First League ## /tmp/times/SK_Slavia_Prague.html ## 192878 ## 
Stade Malherbe Caen ## Malherbe Les Vikings (The Vikings) ## 17/11/1913 ## Stade Michel d'Ornano ## 20500 ## Rui Almeida ## Ligue ## /tmp/times/Stade_Malherbe_Caen.html ## 187806 ## 
Clube AtlÈtico Mineiro ## Galo (Rooster) Alvinegro (White-and-black) ## 25/03/1908 ## Independ√™ncia (primary) Mineir√£o (secondary) ## 23018 ## Rodrigo Santana ## Campeonato Brasileiro S√©rie A (national) Campeonato Mineiro (state) ## /tmp/times/Clube_Atletico_Mineiro.html ## 635214 ## 
Crystal Palace Football Club ## The Eagles, The Glaziers ## 10/09/1905 ## Selhurst Park ## 26074 ## Roy Hodgson &#91 3&#93 ## Premier League ## /tmp/times/Crystal_Palace_F.C..html ## 414853 ## 
Club AtlÈtico UniÛn ## Tatengues, El Tate ## 15/04/1907 ## Estadio 15 de Abril, Santa Fe, Argentina ## 26500 ## Leonardo Madel√≥n ## Primera Divisi√≥n ## /tmp/times/Union_de_Santa_Fe.html ## 169244 ## 
Once Caldas S.A. ## El Blanco (The White) El Blanco Blanco de Manizales (The White White of Manizales) Los Albos (the Albos) El Equipo Albo (The Albo Team) ## 16/04/1961 ## Estadio Palogrande, Manizales, Colombia ## 28678 ## Hubert Bodhert ## Categor√≠a Primera A ## /tmp/times/Once_Caldas.html ## 273866 ## 
Verein f¸r Leibes¸bungen Wolfsburg e. V. (Sports club) Verein f¸r Leibes¸bungen Wolfsburg Fuﬂball GmbH (Professional football club) ## Die Wˆlfe (The Wolves) ## 12/09/1945 ## Volkswagen Arena ## 30000 ## Oliver Glasner ## Bundesliga ## /tmp/times/VfL_Wolfsburg.html ## 260327 ## 
U Craiova 1948 Club Sportiv &#91 note 1&#93 ## Studen?ii (The Students) Oltenii (The People of Oltenia) Alb-alba?trii (The White-Blues) Juve?ii ?tiin?a (The Science) Campioana unei mari iubiri (The Champion of a Great Love) ## 00/00/1948 ## Ion Oblemenco ## 30983 ## Corneliu PapurƒÉ ## Liga I ## /tmp/times/CS_Universitatea_Craiova.html ## 333409 ## 
Beitar Jerusalem Football Club ## The Menorah The Flag of the State Lions from the Capital The Team Of The Country ## 00/00/1936 ## Teddy Stadium, Jerusalem ## 31733 ## Ronny Levy ## Israeli Premier League ## /tmp/times/Beitar_Jerusalem_F.C..html ## 330658 ## 
Estudiantes de MÈrida F˙tbol Club ## Rojiblancos, Los AcadÈmicos ## 04/04/1971 ## Estadio Metropolitano de M√©rida M√©rida, Venezuela ## 42200 ## Mart√≠n Brignani ## Primera Divisi√≥n Venezolana ## /tmp/times/Estudiantes_de_Merida.html ## 95007 ## 
AsociaciÛn Civil Real AtlÈtico Garcilaso ## La M·quina celeste (The Light blue Machine) ## 28/07/2009 ## Inca Garcilaso de la Vega, Cusco, Peru ## 45000 ## Juan Reynoso ## Torneo Descentralizado ## /tmp/times/Real_Garcilaso.html ## 132580 ## 
Club Social y Deportivo Colo-Colo ## Los Albos Eterno CampeÛn El Cacique ## 19/04/1925 ## Estadio Monumental David Arellano ## 47347 ## Marcelo Espina Coach Mario Salas ## Chilean Primera Divisi√≥n ## /tmp/times/Colo-Colo.html ## 336308 ## 
AsociaciÛn Civil Deportivo Lara ## Rojinegro ## 00/00/2009 ## Estadio Metropolitano de Cabudare, Cabudare, Venezuela ## 47913 ## Leonardo Gonz√°lez ## Primera Divisi√≥n Venezolana ## /tmp/times/Asociacion_Civil_Deportivo_Lara.html ## 103574 ## 
Club AtlÈtico Hurac·n ## Globo ( Balloon ) Quemeros (Burners) ## 01/11/1908 ## Tom√°s A. Duc√≥, Parque Patricios, Buenos Aires ## 48314 ## Juan Pablo Vojvoda ## Primera Divisi√≥n ## /tmp/times/Club_Atletico_Huracan.html ## 207015 ## 
Allm‰nna Idrottsklubben ## Gnaget ## 15/02/1891 ## Friends Arena, Solna, Stockholm ## 50622 ## Rikard Norling ## Allsvenskan ## /tmp/times/AIK_Fotboll.html ## 307449 ## 
Feyenoord Rotterdam ## De club aan de Maas (The Club on the Meuse) De Stadionclub (The Stadium Club) De Trots van Zuid (The Pride of the South) De club van het volk (The Club of the People) ## 19/07/1908 ## De Kuip ## 51177 ## Jaap Stam ## Eredivisie ## /tmp/times/Feyenoord.html ## 674575 ## 
????????? ???? ?????? ?????? Fudbalski klub Crvena zvezda ## ?????? Zvezda (The Star) ??????-???? Crveno-beli (The Red-Whites) ## 04/03/1945 ## Rajko Mitiƒá Stadium ## 55538 ## Vladan Milojeviƒá ## Serbian SuperLiga ## /tmp/times/Red_Star_Belgrade.html ## 770123 ## 
West Ham United Football Club ## The Irons The Hammers The Academy of Football ## 29/06/1895 ## London Stadium ## 60000 ## Manuel Pellegrini ## Premier League ## /tmp/times/West_Ham_United_F.C..html ## 831728 ## 
Olympique de Marseille ## Les PhocÈens (The Phocaeans) Les Olympiens (The Olympians) ## 31/08/1899 ## Stade V√©lodrome ## 67394 ## Andr√© Villas-Boas ## Ligue 1 ## /tmp/times/Olympique_de_Marseille.html ## 429807 ## 
