1900
1904
1909
1907
1907
1907
1913
1913
1909
1907
1901
1513
1520
203594384
407187249
407187259
407187639
407187644
407187649
407187645
407187645
407187651
407187645
407187635
(R) Angers Sporting Club de l'Ouest
(R) Club Atlético Cerro
(R) Futboll Klub Kukësi
(R) Hrvatski nogometni klub Rijeka (Croatian Football Club Rijeka)
1017966190
678644764
508984056
407187630
(R) Maccabi Haifa Football Club
407187631
407187633
407187642
407187641
407187645
407187659
407187651
407187658
(R) Sligo Rovers Football Club
(R) Sociedad Deportiva Aucas
(R) Koninklijke Racing Club Genk
(R) West Ham United Football Club
(R) Football Club Alashkert
