Athletic Football Club Bournemouth
Club Atlético Aldosivi
Brighton &amp; Hove Albion Football Club
Club de Deportes Cobresal
Cardiff Metropolitan University Football Club
Club Brugge Koninklijke Voetbalvereniging (Club Bruges Royal Football association)
Club Deportes Tolima S.A.
Asociación Deportivo Pasto
Club Estudiantes de La Plata
Europa Football Club
Football Club Baník Ostrava, a.s.
Football Club Groningen
Football Club International Turku
Football Club Kaysar
FC Spartak Trnava
Fudbalski klub Belasica Strumica
Fudbalski klub Iskra Danilovgrad
Fudbalski klub Napredak Kruševac
Hammarby Idrottsförening Fotbollförening&#91;1&#93;
Hapoel Be'er-Sheva Football Club
Idrottsklubben Sirius
Football Club Internazionale Milano S.p.A.&#91;1&#93;
Klubi Futbollistik Drenica
Klubi Futbollistik Flamurtari
Klubi i Futbollit Tirana
Kuopion Palloseura
Luftëtari Gjirokastër Football Club
Malmö Fotbollförening
Nogometni klub Čelik Zenica
Nogometni klub Domžale
Olympique Gymnaste Club Nice Côte d'Azur
Odense  Boldklub
Olympique de Marseille
Club Deportivo Oriente Petrolero
Профессиональный футбольный клуб ЦСКА Москва(Professional Football Club, Central Sport Club of the Army, Moscow)
Philips Sport Vereniging NV
Paris Saint-Germain Football Club
RasenBallsport Leipzig e.V.
Rampla Juniors Football Club
Real Madrid Club de Fútbol&#91;1&#93;
Rio Ave Futebol Clube
TB/FC Suðuroy/Royn
Sociedad Deportiva Eibar, S.A.D.
Sportovní klub Slavia Praha&#160;– fotbal a.s.
Club Atlético San Lorenzo de Almagro
Tromsø Idrettslag
Vitória Sport Clube
Wisła Płock Spółka Akcyjna
