(R) Football Club Internazionale Milano S.p.A.&#91;1&#93;
(R) Club Atl√©tico Cerro
(R) Maccabi Haifa Football Club
(R) Fudbalski klub Iskra Danilovgrad
(R) Hrvatski nogometni klub Rijeka (Croatian Football Club Rijeka)
(R) Club Deportivo Social y Cultural Alianza Universidad de Hu√°nuco
(R) Sportklub Rapid Wien
(R) Clube Atl√©tico Mineiro
(R) Football Club Internazionale Milano S.p.A.&#91;1&#93;
(R) Sportclub Heerenveen
[0] O'Higgins F√∫tbol Club ## El Capo de Provincia (The Province's Boss)O'Hi O'HiLa Celeste (The Sky Blue)÷ ## 7/4/1955 ## Est√°dio Jo√£o Cardoso Tondela, Portugal ## 5000 ## Marco Antonio Figueroa ## Campeonato Nacional ## /tmp/times/OHiggins_F.C..html ## 527213 ##
[1] Clube Desportivo de Tondela ## CDTAuriverdes (Gold and Greens) ## 6/6/1933 ## Est√°dio Jo√£o Cardoso Tondela, Portugal ## 5000 ## Natxo Gonz√°lez ## Primeira Liga ## /tmp/times/C.D._Tondela.html ## 183303 ##
[2] Club Atl√©tico Central C√≥rdoba ## Ferroviarios ## 3/6/1919 ## Alfredo Terrera  Santiago del Estero, Argentina ## 15000 ## Gustavo Coleoni ## Argentine Primera Divisi√≥n ## /tmp/times/Central_Cordoba_de_Santiago_del_Estero.html ## 107938 ##
[3] Villarreal Club de F√∫tbol S.A.D. ## El Submarino Amarillo(The Yellow Submarine) ## 10/3/1923 ## Estadio de la Cer√°mica ## 23500 ##  Mark Miller ## La Liga ## /tmp/times/Villarreal_CF.html ## 279892 ##
[4] Mosta Football Club ## Tar-Rotunda ## 0/0/1935 ## Charles Abela Memorial Stadium, Mosta ## 700 ##  Mark Miller ## ì ## /tmp/times/Mosta_F.C..html ## 95681 ##
[5] Club Atl√©tico Cerro ## Villeros, Albicelestes, Cerrense ## 1/12/1922 ## Estadio Luis Tr√≥ccoli,Montevideo, Uruguay ## 25000 ## Richard Mart√≠nez ## Primera Divisi√≥n Uruguaya ## /tmp/times/C.A._Cerro.html ## 97714 ##
[6] Angers Sporting Club de l'Ouest ## Les Sco√Østes ## 0/0/1919 ## Stade Raymond Kopa ## 17835 ## Dalcio Giovagnoli ## Ligue  ## /tmp/times/Angers_SCO.html ## 141084 ##
[7] Club de Deportes Provincial Curic√≥ Unido ## CuriAlbirrojos (The red &amp; white)Torteros (The Cake-makers)La Banda Sangre (The Blood Stripe) Provincial Curic√≥ Unido ## 0/0/1973 ## Estadio La Granja ## 8278 ## Dalcio Giovagnoli ## Primera Divisi√≥n ## /tmp/times/Curico_Unido.html ## 177087 ##
[8] Gr√™mio Foot-Ball Porto Alegrense ## Imortal Tricolor (Immortal Tricolor)Rei de Copas (King of Cups) ## 15/9/1903 ## Stade Geoffroy-Guichard ## 55225 ## Renato Portaluppi ## Campeonato Brasileiro S√©rie A ## /tmp/times/Gremio_Foot-Ball_Porto_Alegrense.html ## 479852 ##
[9] Association Sportive de Saint-√âtienne Loire ## Les Verts (The Greens)Saint√© (Saints) ## 0/0/1919 ## Stade Geoffroy-Guichard ## 41965 ## Mifflin Berm√∫dez ## Primeira Liga ## /tmp/times/AS_Saint-Etienne.html ## 197914 ##
[10] Sportklub Rapid Wien ## Die Gr√ºn-Wei√üen (The Green-Whites),H√ºtteldorfer ## 0/1/0 ## Allianz Stadion ## 28345 ## Dietmar K√ºhbauer ## Austrian Bundesliga ## /tmp/times/SK_Rapid_Wien.html ## 188540 ##
[11] Clube Atl√©tico Mineiro ## Galo (Rooster)Alvinegro (White-and-black) ## 25/3/1908 ## zonen (Sons of the Gods) / de Joden (the Jews) / I Lancieri (The Lancers) / Lucky AjaxFootball Club Ajax ## 23018 ## Ajax ## Campeonato Brasileiro S√©rie A (national) Campeonato Mineiro (state) ## /tmp/times/Clube_Atletico_Mineiro.html ## 635214 ##
[12] Football Club Internazionale Milano S.p.A.&#91;1&#93; ## I Nerazzurri (The Black and Blues)La Beneamata (The Cherished One)Il Biscione (The Big Grass Snake)nazionale Milano S.p.A.&#91;1&#93; ## 9/3/1908 ## Mineir√£o ## 64000 ## Ajax ## La Liga ## /tmp/times/Inter_Milan.html ## 650574 ##
[13] Sportclub Heerenveen ## De Superfriezen (The Super Frisians)Fean ## 20/7/1920 ## Abe Lenstra Stadium ## 27224 ## Johnny Jansen ## Eredivisie ## /tmp/times/SC_Heerenveen.html ## 313578 ##
[14] Anorthosis Famagusta FC  ŒëŒΩœåœÅŒ∏œâœÉŒπœÇ ŒëŒºŒºŒøœáœéœÉœÑŒøœÖ ## ŒúŒµŒ≥Œ¨ŒªŒ∑ ŒöœÖœÅŒØŒ± (The Great Lady)  ŒüŒπ ŒöœÖŒ±ŒΩœåŒªŒµœÖŒ∫ŒøŒπ (The Blue White)osis Famagusta FC  ŒëŒΩœåœÅŒ∏œâœÉŒπœÇ ŒëŒºŒºŒøœáœéœÉœÑŒøœÖ ## 30/1/1911 ## Abe Lenstra Stadium ## 27224 ## Johnny Jansen ## Eredivisie ## /tmp/times/Anorthosis_Famagusta_FC.html ## 242154 ##
[15] Sociedad Deportiva Aucas ## Orientales, El idolo del pueblo (The idol of the people) ## 6/2/1945 ## Estadio Gonzalo Pozo RipaldaQuito, Ecuador ## 22000 ## Gabriel Sch√ºrrer ## Serie A ## /tmp/times/S.D._Aucas.html ## 79764 ##
[16] Koninklijke Racing Club Genk ## Blauw-Wit (Blue-White), Racing, KRC, De Smurfen (The Smurfs) ## 0/0/1988 ## Luminus Arena, Genk ## 23718 ## Felice Mazzu ## Belgian First Division A ## /tmp/times/K.R.C._Genk.html ## 216173 ##
[17] West Ham United Football Club ## The IronsThe HammersThe Academy of Football ## 29/6/1895 ## Luminus Arena, Genk ## 23718 ## Felice Mazzu ## ì ## /tmp/times/West_Ham_United_F.C..html ## 831728 ##
[18] Football Club Alashkert ## The Yellows ## 0/0/1990 ## Alashkert Stadium ## 6850 ## Abraham Khashmanyan ## ì ## /tmp/times/FC_Alashkert.html ## 194433 ##
[19] Sligo Rovers Football Club ## The Bit o' Red ## 0/0/1928 ## The Showgrounds (Sligo) ## 8000 ## Liam Buckley ## heague of Ireland Premier Division ## /tmp/times/Sligo_Rovers_F.C..html ## 269186 ##
[20] Fudbalski klub Iskra Danilovgrad ## Graƒëani (Citizens) ## 0/0/1919 ## Braƒáa Vela≈°eviƒá Stadium ## 2500 ## Aleksandar Nedoviƒá ## ì ## /tmp/times/FK_Iskra_Danilovgrad.html ## 94147 ##
[21] Royal Antwerp Football Club ## The Great Old De Ploeg Van ‚Äòt Stad ## 0/0/1880 ## Broodstraat (1908‚Äì1923)Bosuilstadion (1923‚Äì )Antwerp, Belgium ## 16144 ## L√°szl√≥ B√∂l√∂ni ## Belgian First Division A ## /tmp/times/Royal_Antwerp_F.C..html ## 139954 ##
[22] Club de Regatas Vasco da Gama ## Gigante da Colina (Giant of the Hill) Almirante (Admiral) Cruzmaltino (Maltese Cross) Trem Bala da Colina (Bullet Train of the Hill) Expresso da Vit√≥ria (Victory Express Train) ## 0/8/1898 ##  ## 0 ##  ##  ## /tmp/times/CR_Vasco_da_Gama.html ## 438328 ##
[23] Cefn Druids Association Football Club ## The Ancients, Druids ## 0/0/1872 ## The RockRhosymedreWrexham ## 3500 ## Huw Griffiths ## ì ## /tmp/times/Cefn_Druids_A.F.C..html ## 118595 ##
[24] F√∫tbol Club Encamp ## EncampadansEl deg√† (The Dean) ## 0/0/1950 ## Camp de Futbol d'Encamp ## 550 ## Leonel Gancedo ## Segona Divisi√≥ ## /tmp/times/FC_Encamp.html ## 93238 ##
[25] Club Especializado de Alto Rendimiento El Nacional ## Puros Criollos (Pure Criollos)Equipo Militar (Military team)La Maquina Gris (The Gray Machine)El Rojo (The Red)imiento El Nacional ## 1/6/1964 ## Estadio La Granja ## 8278 ## Dalcio Giovagnoli ## Primera Divisi√≥n ## /tmp/times/C.D._El_Nacional.html ## 102479 ##
