Caracas Fútbol Club || Fudbalski klub Mladost Doboj Kakanj
Caracas Fútbol Club || Club Atlético Lanús
Caracas Fútbol Club || Asociația Fotbal Club Astra Giurgiu
Caracas Fútbol Club || Ceará Sporting Club
Caracas Fútbol Club || Athletic Union Kition of Larnaca
Caracas Fútbol Club || (null)
NÃO
FC Saburtalo Tbilisi || Fudbalski klub Mladost Doboj Kakanj
FC Saburtalo Tbilisi || (null)
NÃO
Football Club Alashkert || Fudbalski klub Mladost Doboj Kakanj
Football Club Alashkert || (null)
NÃO
Futbola Klubs Ventspils || Fudbalski klub Mladost Doboj Kakanj
Futbola Klubs Ventspils || Nogometni klub Domžale
Futbola Klubs Ventspils || Kalmar Fotbollsförening
Futbola Klubs Ventspils || Fulham Football Club
Futbola Klubs Ventspils || Gliwicki Klub Sportowy Piast Gliwice
Futbola Klubs Ventspils || (null)
NÃO
Fotbal Club Sheriff || Fudbalski klub Mladost Doboj Kakanj
Fotbal Club Sheriff || (null)
NÃO
Amiens Sporting Club || Fudbalski klub Mladost Doboj Kakanj
Amiens Sporting Club || (null)
NÃO
Kayseri Spor Kulübü || Fudbalski klub Mladost Doboj Kakanj
Kayseri Spor Kulübü || (null)
NÃO
Qəbələ İdman Klubu || Fudbalski klub Mladost Doboj Kakanj
Qəbələ İdman Klubu || (null)
NÃO
Club Sportivo San Lorenzo || Fudbalski klub Mladost Doboj Kakanj
Club Sportivo San Lorenzo || (null)
NÃO
Stade Rennais  Football Club || Fudbalski klub Mladost Doboj Kakanj
Stade Rennais  Football Club || (null)
NÃO
Futboll Klub Kukësi || Fudbalski klub Mladost Doboj Kakanj
Futboll Klub Kukësi || (null)
NÃO
Fútbol Club Encamp || Fudbalski klub Mladost Doboj Kakanj
Fútbol Club Encamp || (null)
NÃO
Ceará Sporting Club || Fudbalski klub Mladost Doboj Kakanj
Ceará Sporting Club || (null)
NÃO
Asociația Fotbal Club Astra Giurgiu || Fudbalski klub Mladost Doboj Kakanj
Asociația Fotbal Club Astra Giurgiu || (null)
NÃO
Club Atlético Newell's Old Boys || Fudbalski klub Mladost Doboj Kakanj
Club Atlético Newell's Old Boys || (null)
NÃO
Barcelona Sporting Club || Fudbalski klub Mladost Doboj Kakanj
Barcelona Sporting Club || (null)
NÃO
Nogometni klub Domžale || Fudbalski klub Mladost Doboj Kakanj
Nogometni klub Domžale || (null)
NÃO
Genoa Cricket and Football Club S.p.A. || Fudbalski klub Mladost Doboj Kakanj
Genoa Cricket and Football Club S.p.A. || (null)
NÃO
Strømsgodset Toppfotball || Fudbalski klub Mladost Doboj Kakanj
Strømsgodset Toppfotball || (null)
NÃO
Club Atlético Cerro || Fudbalski klub Mladost Doboj Kakanj
Club Atlético Cerro || (null)
NÃO
Sportovní klub Slavia Praha – fotbal a.s. || Fudbalski klub Mladost Doboj Kakanj
Sportovní klub Slavia Praha – fotbal a.s. || (null)
NÃO
FC Flora || Fudbalski klub Mladost Doboj Kakanj
FC Flora || (null)
NÃO
Asociación Civil Real Atlético Garcilaso || Fudbalski klub Mladost Doboj Kakanj
Asociación Civil Real Atlético Garcilaso || (null)
NÃO
Nogometni klub Čelik Zenica || Fudbalski klub Mladost Doboj Kakanj
Nogometni klub Čelik Zenica || (null)
NÃO
Aberystwyth Town Football Club || Fudbalski klub Mladost Doboj Kakanj
Aberystwyth Town Football Club || (null)
NÃO
Estudiantes de Mérida Fútbol Club || Fudbalski klub Mladost Doboj Kakanj
Estudiantes de Mérida Fútbol Club || (null)
NÃO
Linzer Athletik-Sport-Klub || Fudbalski klub Mladost Doboj Kakanj
Linzer Athletik-Sport-Klub || (null)
NÃO
Club Sportivo Luqueño || Fudbalski klub Mladost Doboj Kakanj
Club Sportivo Luqueño || (null)
NÃO
Real Valladolid SAD || Fudbalski klub Mladost Doboj Kakanj
Real Valladolid SAD || (null)
NÃO
Villarreal Club de Fútbol S.A.D. || Fudbalski klub Mladost Doboj Kakanj
Villarreal Club de Fútbol S.A.D. || (null)
NÃO
América de Cali S. A. || Fudbalski klub Mladost Doboj Kakanj
América de Cali S. A. || (null)
NÃO
